This is pdfTeX, Version 3.1415926-2.5-1.40.14 (TeX Live 2013/Debian) (format=pdflatex 2018.11.6)  20 NOV 2018 15:28
entering extended mode
 restricted \write18 enabled.
 %&-line parsing enabled.
**manuscript.tex
(./manuscript.tex
LaTeX2e <2011/06/27>
Babel <3.9h> and hyphenation patterns for 36 languages loaded.
(/usr/share/texlive/texmf-dist/tex/latex/paper/paper.cls
Document Class: paper 2008/05/30 1.0l LaTeX document class (wm).
\hours=\count79
\minutes=\count80
(/usr/share/texlive/texmf-dist/tex/latex/base/size10.clo
File: size10.clo 2007/10/19 v1.4h Standard LaTeX file (size option)
)
\beforetitlespace=\skip41
\c@part=\count81
\c@section=\count82
\c@subsection=\count83
\c@subsubsection=\count84
\c@paragraph=\count85
\c@subparagraph=\count86
\exampleindent=\skip42
\c@figure=\count87
\c@table=\count88
\abovecaptionskip=\skip43
\belowcaptionskip=\skip44
\bibindent=\dimen102
)
(/usr/share/texlive/texmf-dist/tex/latex/natbib/natbib.sty
Package: natbib 2010/09/13 8.31b (PWD, AO)
\bibhang=\skip45
\bibsep=\skip46
LaTeX Info: Redefining \cite on input line 694.
\c@NAT@ctr=\count89
)
(/usr/share/texlive/texmf-dist/tex/latex/rotating/rotating.sty
Package: rotating 2009/03/28 v2.16a rotated objects in LaTeX

(/usr/share/texlive/texmf-dist/tex/latex/graphics/graphicx.sty
Package: graphicx 1999/02/16 v1.0f Enhanced LaTeX Graphics (DPC,SPQR)

(/usr/share/texlive/texmf-dist/tex/latex/graphics/keyval.sty
Package: keyval 1999/03/16 v1.13 key=value parser (DPC)
\KV@toks@=\toks14
)
(/usr/share/texlive/texmf-dist/tex/latex/graphics/graphics.sty
Package: graphics 2009/02/05 v1.0o Standard LaTeX Graphics (DPC,SPQR)

(/usr/share/texlive/texmf-dist/tex/latex/graphics/trig.sty
Package: trig 1999/03/16 v1.09 sin cos tan (DPC)
)
(/usr/share/texlive/texmf-dist/tex/latex/latexconfig/graphics.cfg
File: graphics.cfg 2010/04/23 v1.9 graphics configuration of TeX Live
)
Package graphics Info: Driver file: pdftex.def on input line 91.

(/usr/share/texlive/texmf-dist/tex/latex/pdftex-def/pdftex.def
File: pdftex.def 2011/05/27 v0.06d Graphics/color for pdfTeX

(/usr/share/texlive/texmf-dist/tex/generic/oberdiek/infwarerr.sty
Package: infwarerr 2010/04/08 v1.3 Providing info/warning/error messages (HO)
)
(/usr/share/texlive/texmf-dist/tex/generic/oberdiek/ltxcmds.sty
Package: ltxcmds 2011/11/09 v1.22 LaTeX kernel commands for general use (HO)
)
\Gread@gobject=\count90
))
\Gin@req@height=\dimen103
\Gin@req@width=\dimen104
)
(/usr/share/texlive/texmf-dist/tex/latex/base/ifthen.sty
Package: ifthen 2001/05/26 v1.1c Standard LaTeX ifthen package (DPC)
)
\c@r@tfl@t=\count91
\rotFPtop=\skip47
\rotFPbot=\skip48
\rot@float@box=\box26
\rot@mess@toks=\toks15
)
(/usr/share/texlive/texmf-dist/tex/latex/caption/caption.sty
Package: caption 2013/05/02 v3.3-89 Customizing captions (AR)

(/usr/share/texlive/texmf-dist/tex/latex/caption/caption3.sty
Package: caption3 2013/05/02 v1.6-88 caption3 kernel (AR)
Package caption3 Info: TeX engine: e-TeX on input line 57.
\captionmargin=\dimen105
\captionmargin@=\dimen106
\captionwidth=\dimen107
\caption@tempdima=\dimen108
\caption@indent=\dimen109
\caption@parindent=\dimen110
\caption@hangindent=\dimen111
)
\c@ContinuedFloat=\count92
Package caption Info: rotating package is loaded.
)
(/usr/share/texlive/texmf-dist/tex/latex/tools/array.sty
Package: array 2008/09/09 v2.4c Tabular extension package (FMi)
\col@sep=\dimen112
\extrarowheight=\dimen113
\NC@list=\toks16
\extratabsurround=\skip49
\backup@length=\skip50
)
(/usr/share/texlive/texmf-dist/tex/latex/booktabs/booktabs.sty
Package: booktabs 2005/04/14 v1.61803 publication quality tables
\heavyrulewidth=\dimen114
\lightrulewidth=\dimen115
\cmidrulewidth=\dimen116
\belowrulesep=\dimen117
\belowbottomsep=\dimen118
\aboverulesep=\dimen119
\abovetopsep=\dimen120
\cmidrulesep=\dimen121
\cmidrulekern=\dimen122
\defaultaddspace=\dimen123
\@cmidla=\count93
\@cmidlb=\count94
\@aboverulesep=\dimen124
\@belowrulesep=\dimen125
\@thisruleclass=\count95
\@lastruleclass=\count96
\@thisrulewidth=\dimen126
)
(/usr/share/texlive/texmf-dist/tex/latex/preprint/authblk.sty
Package: authblk 2001/02/27 1.3 (PWD)
\affilsep=\skip51
\@affilsep=\skip52
\c@Maxaffil=\count97
\c@authors=\count98
\c@affil=\count99
)
(/usr/share/texlive/texmf-dist/tex/latex/graphics/color.sty
Package: color 2005/11/14 v1.0j Standard LaTeX Color (DPC)

(/usr/share/texlive/texmf-dist/tex/latex/latexconfig/color.cfg
File: color.cfg 2007/01/18 v1.5 color configuration of teTeX/TeXLive
)
Package color Info: Driver file: pdftex.def on input line 130.
)
(/usr/share/texmf/tex/latex/xcolor/xcolor.sty
Package: xcolor 2007/01/21 v2.11 LaTeX color extensions (UK)

(/usr/share/texlive/texmf-dist/tex/latex/latexconfig/color.cfg
File: color.cfg 2007/01/18 v1.5 color configuration of teTeX/TeXLive
)
Package xcolor Info: Driver file: pdftex.def on input line 225.
LaTeX Info: Redefining \color on input line 702.
Package xcolor Info: Model `cmy' substituted by `cmy0' on input line 1337.
Package xcolor Info: Model `hsb' substituted by `rgb' on input line 1341.
Package xcolor Info: Model `RGB' extended on input line 1353.
Package xcolor Info: Model `HTML' substituted by `rgb' on input line 1355.
Package xcolor Info: Model `Hsb' substituted by `hsb' on input line 1356.
Package xcolor Info: Model `tHsb' substituted by `hsb' on input line 1357.
Package xcolor Info: Model `HSB' substituted by `hsb' on input line 1358.
Package xcolor Info: Model `Gray' substituted by `gray' on input line 1359.
Package xcolor Info: Model `wave' substituted by `hsb' on input line 1360.
)
(/usr/share/texlive/texmf-dist/tex/latex/lineno/lineno.sty
Package: lineno 2005/11/02 line numbers on paragraphs v4.41
\linenopenalty=\count100
\output=\toks17
\linenoprevgraf=\count101
\linenumbersep=\dimen127
\linenumberwidth=\dimen128
\c@linenumber=\count102
\c@pagewiselinenumber=\count103
\c@LN@truepage=\count104
\c@internallinenumber=\count105
\c@internallinenumbers=\count106
\quotelinenumbersep=\dimen129
\bframerule=\dimen130
\bframesep=\dimen131
\bframebox=\box27
LaTeX Info: Redefining \\ on input line 3056.
)
(/usr/share/texlive/texmf-dist/tex/latex/url/url.sty
\Urlmuskip=\muskip10
Package: url 2013/09/16  ver 3.4  Verb mode for urls, etc.
)
(/usr/share/texlive/texmf-dist/tex/latex/geometry/geometry.sty
Package: geometry 2010/09/12 v5.6 Page Geometry

(/usr/share/texlive/texmf-dist/tex/generic/oberdiek/ifpdf.sty
Package: ifpdf 2011/01/30 v2.3 Provides the ifpdf switch (HO)
Package ifpdf Info: pdfTeX in PDF mode is detected.
)
(/usr/share/texlive/texmf-dist/tex/generic/oberdiek/ifvtex.sty
Package: ifvtex 2010/03/01 v1.5 Detect VTeX and its facilities (HO)
Package ifvtex Info: VTeX not detected.
)
(/usr/share/texlive/texmf-dist/tex/generic/ifxetex/ifxetex.sty
Package: ifxetex 2010/09/12 v0.6 Provides ifxetex conditional
)
\Gm@cnth=\count107
\Gm@cntv=\count108
\c@Gm@tempcnt=\count109
\Gm@bindingoffset=\dimen132
\Gm@wd@mp=\dimen133
\Gm@odd@mp=\dimen134
\Gm@even@mp=\dimen135
\Gm@layoutwidth=\dimen136
\Gm@layoutheight=\dimen137
\Gm@layouthoffset=\dimen138
\Gm@layoutvoffset=\dimen139
\Gm@dimlist=\toks18
)
(./manuscript.aux)
\openout1 = `manuscript.aux'.

LaTeX Font Info:    Checking defaults for OML/cmm/m/it on input line 32.
LaTeX Font Info:    ... okay on input line 32.
LaTeX Font Info:    Checking defaults for T1/cmr/m/n on input line 32.
LaTeX Font Info:    ... okay on input line 32.
LaTeX Font Info:    Checking defaults for OT1/cmr/m/n on input line 32.
LaTeX Font Info:    ... okay on input line 32.
LaTeX Font Info:    Checking defaults for OMS/cmsy/m/n on input line 32.
LaTeX Font Info:    ... okay on input line 32.
LaTeX Font Info:    Checking defaults for OMX/cmex/m/n on input line 32.
LaTeX Font Info:    ... okay on input line 32.
LaTeX Font Info:    Checking defaults for U/cmr/m/n on input line 32.
LaTeX Font Info:    ... okay on input line 32.

(/usr/share/texlive/texmf-dist/tex/context/base/supp-pdf.mkii
[Loading MPS to PDF converter (version 2006.09.02).]
\scratchcounter=\count110
\scratchdimen=\dimen140
\scratchbox=\box28
\nofMPsegments=\count111
\nofMParguments=\count112
\everyMPshowfont=\toks19
\MPscratchCnt=\count113
\MPscratchDim=\dimen141
\MPnumerator=\count114
\makeMPintoPDFobject=\count115
\everyMPtoPDFconversion=\toks20
) (/usr/share/texlive/texmf-dist/tex/generic/oberdiek/pdftexcmds.sty
Package: pdftexcmds 2011/11/29 v0.20 Utility functions of pdfTeX for LuaTeX (HO
)

(/usr/share/texlive/texmf-dist/tex/generic/oberdiek/ifluatex.sty
Package: ifluatex 2010/03/01 v1.3 Provides the ifluatex switch (HO)
Package ifluatex Info: LuaTeX not detected.
)
Package pdftexcmds Info: LuaTeX not detected.
Package pdftexcmds Info: \pdf@primitive is available.
Package pdftexcmds Info: \pdf@ifprimitive is available.
Package pdftexcmds Info: \pdfdraftmode found.
)
(/usr/share/texlive/texmf-dist/tex/latex/oberdiek/epstopdf-base.sty
Package: epstopdf-base 2010/02/09 v2.5 Base part for package epstopdf

(/usr/share/texlive/texmf-dist/tex/latex/oberdiek/grfext.sty
Package: grfext 2010/08/19 v1.1 Manage graphics extensions (HO)

(/usr/share/texlive/texmf-dist/tex/generic/oberdiek/kvdefinekeys.sty
Package: kvdefinekeys 2011/04/07 v1.3 Define keys (HO)
))
(/usr/share/texlive/texmf-dist/tex/latex/oberdiek/kvoptions.sty
Package: kvoptions 2011/06/30 v3.11 Key value format for package options (HO)

(/usr/share/texlive/texmf-dist/tex/generic/oberdiek/kvsetkeys.sty
Package: kvsetkeys 2012/04/25 v1.16 Key value parser (HO)

(/usr/share/texlive/texmf-dist/tex/generic/oberdiek/etexcmds.sty
Package: etexcmds 2011/02/16 v1.5 Avoid name clashes with e-TeX commands (HO)
Package etexcmds Info: Could not find \expanded.
(etexcmds)             That can mean that you are not using pdfTeX 1.50 or
(etexcmds)             that some package has redefined \expanded.
(etexcmds)             In the latter case, load this package earlier.
)))
Package grfext Info: Graphics extension search list:
(grfext)             [.png,.pdf,.jpg,.mps,.jpeg,.jbig2,.jb2,.PNG,.PDF,.JPG,.JPE
G,.JBIG2,.JB2,.eps]
(grfext)             \AppendGraphicsExtensions on input line 452.

(/usr/share/texlive/texmf-dist/tex/latex/latexconfig/epstopdf-sys.cfg
File: epstopdf-sys.cfg 2010/07/13 v1.3 Configuration of (r)epstopdf for TeX Liv
e
))
Package caption Info: Begin \AtBeginDocument code.
Package caption Info: End \AtBeginDocument code.

*geometry* driver: auto-detecting
*geometry* detected driver: pdftex
*geometry* verbose mode - [ preamble ] result:
* driver: pdftex
* paper: a4paper
* layout: <same size as paper>
* layoutoffset:(h,v)=(0.0pt,0.0pt)
* modes: 
* h-part:(L,W,R)=(56.9055pt, 483.69687pt, 56.9055pt)
* v-part:(T,H,B)=(56.9055pt, 731.23584pt, 56.9055pt)
* \paperwidth=597.50787pt
* \paperheight=845.04684pt
* \textwidth=483.69687pt
* \textheight=731.23584pt
* \oddsidemargin=-15.36449pt
* \evensidemargin=-15.36449pt
* \topmargin=-52.36449pt
* \headheight=12.0pt
* \headsep=25.0pt
* \topskip=10.0pt
* \footskip=30.0pt
* \marginparwidth=4.0pt
* \marginparsep=10.0pt
* \columnsep=10.0pt
* \skip\footins=9.0pt plus 4.0pt minus 2.0pt
* \hoffset=0.0pt
* \voffset=0.0pt
* \mag=1000
* \@twocolumntrue
* \@twosidefalse
* \@mparswitchfalse
* \@reversemarginfalse
* (1in=72.27pt=25.4mm, 1cm=28.453pt)

LaTeX Font Info:    External font `cmex10' loaded for size
(Font)              <14.4> on input line 34.
LaTeX Font Info:    External font `cmex10' loaded for size
(Font)              <7> on input line 34.
LaTeX Font Info:    External font `cmex10' loaded for size
(Font)              <9> on input line 38.
LaTeX Font Info:    External font `cmex10' loaded for size
(Font)              <6> on input line 38.
LaTeX Font Info:    External font `cmex10' loaded for size
(Font)              <5> on input line 38.

Underfull \vbox (badness 10000) has occurred while \output is active []

 [1

{/var/lib/texmf/fonts/map/pdftex/updmap/pdftex.map}


]
<../figures-working/fig01.png, id=12, 574.18515pt x 458.55315pt>
File: ../figures-working/fig01.png Graphic file (type png)

<use ../figures-working/fig01.png>
Package pdftex.def Info: ../figures-working/fig01.png used on input line 55.
(pdftex.def)             Requested size: 312.9803pt x 249.95898pt.

Underfull \vbox (badness 10000) has occurred while \output is active []

 [2]
Underfull \vbox (badness 3514) has occurred while \output is active []

 [3 <../figures-working/fig01.png>]
Underfull \hbox (badness 3068) in paragraph at lines 97--98
[]\OT1/cmr/m/n/10 The sec-ond rhe-ol-ogy we con-sider is a strain
 []

Missing character: There is no â in font cmssbx10!
Missing character: There is no € in font cmssbx10!
Missing character: There is no “ in font cmssbx10!
<../figures-working/comparison.png, id=27, 470.4777pt x 231.9867pt>
File: ../figures-working/comparison.png Graphic file (type png)

<use ../figures-working/comparison.png>
Package pdftex.def Info: ../figures-working/comparison.png used on input line 1
80.
(pdftex.def)             Requested size: 455.24408pt x 224.47813pt.

<../figures-working/wavelengths.png, id=28, 560.93565pt x 236.082pt>
File: ../figures-working/wavelengths.png Graphic file (type png)

<use ../figures-working/wavelengths.png>
Package pdftex.def Info: ../figures-working/wavelengths.png used on input line 
187.
(pdftex.def)             Requested size: 312.9803pt x 131.72949pt.
Missing character: There is no â in font cmss9!
Missing character: There is no € in font cmss9!
Missing character: There is no “ in font cmss9!
 [4]
Missing character: There is no â in font cmss9!
Missing character: There is no € in font cmss9!
Missing character: There is no “ in font cmss9!
 [5]
Missing character: There is no â in font cmss9!
Missing character: There is no € in font cmss9!
Missing character: There is no “ in font cmss9!
 [6 <../figures-working/comparison.png> <../figures-working/wavelengths.png>]
<../figures-working/comparison-3x4-lables.png, id=47, 842.9091pt x 438.6789pt>
File: ../figures-working/comparison-3x4-lables.png Graphic file (type png)

<use ../figures-working/comparison-3x4-lables.png>
Package pdftex.def Info: ../figures-working/comparison-3x4-lables.png used on i
nput line 202.
(pdftex.def)             Requested size: 455.24408pt x 236.92323pt.

<../figures-working/temperatures.png, id=48, 659.5842pt x 449.2785pt>
File: ../figures-working/temperatures.png Graphic file (type png)

<use ../figures-working/temperatures.png>
Package pdftex.def Info: ../figures-working/temperatures.png used on input line
 209.
(pdftex.def)             Requested size: 312.9803pt x 213.19012pt.
Missing character: There is no â in font cmr10!
Missing character: There is no € in font cmr10!
Missing character: There is no ˜ in font cmr10!
Missing character: There is no â in font cmr10!
Missing character: There is no € in font cmr10!
Missing character: There is no ™ in font cmr10!
 [7] [8 <../figures-working/comparison-3x4-lables.png> <../figures-working/temp
eratures.png (PNG copy)>]
<../figures-working/fig06.png, id=57, 683.55376pt x 1209.51875pt>
File: ../figures-working/fig06.png Graphic file (type png)

<use ../figures-working/fig06.png>
Package pdftex.def Info: ../figures-working/fig06.png used on input line 234.
(pdftex.def)             Requested size: 244.69386pt x 432.9718pt.

Overfull \hbox (7.84543pt too wide) in paragraph at lines 234--235
 [][] 
 []

Missing character: There is no â in font cmr10!
Missing character: There is no € in font cmr10!
Missing character: There is no “ in font cmr10!
Missing character: There is no â in font cmr10!
Missing character: There is no € in font cmr10!
Missing character: There is no “ in font cmr10!
Missing character: There is no Â in font cmr10!
Missing character: There is no ° in font cmr10!
<../figures-working/fig07.png, id=58, 418.728pt x 541.806pt>
File: ../figures-working/fig07.png Graphic file (type png)

<use ../figures-working/fig07.png>
Package pdftex.def Info: ../figures-working/fig07.png used on input line 249.
(pdftex.def)             Requested size: 312.9803pt x 404.98112pt.
Missing character: There is no â in font cmr9!
Missing character: There is no € in font cmr9!
Missing character: There is no “ in font cmr9!
Missing character: There is no â in font cmr9!
Missing character: There is no € in font cmr9!
Missing character: There is no “ in font cmr9!
Missing character: There is no â in font cmr9!
Missing character: There is no € in font cmr9!
Missing character: There is no “ in font cmr9!
Missing character: There is no â in font cmr9!
Missing character: There is no € in font cmr9!
Missing character: There is no “ in font cmr9!
 [9 <../figures-working/fig06.png (PNG copy)>] [10 <../figures-working/fig07.pn
g>]
<../figures-working/fig09.png, id=66, 577.503pt x 408.873pt>
File: ../figures-working/fig09.png Graphic file (type png)

<use ../figures-working/fig09.png>
Package pdftex.def Info: ../figures-working/fig09.png used on input line 267.
(pdftex.def)             Requested size: 455.24408pt x 322.3136pt.

<../figures-working/fig10.png, id=67, 577.503pt x 407.997pt>
File: ../figures-working/fig10.png Graphic file (type png)

<use ../figures-working/fig10.png>
Package pdftex.def Info: ../figures-working/fig10.png used on input line 274.
(pdftex.def)             Requested size: 455.24408pt x 321.62305pt.
Missing character: There is no Â in font cmr10!
Missing character: There is no ° in font cmr10!

Underfull \vbox (badness 10000) has occurred while \output is active []

 [11]
[12 <../figures-working/fig09.png>] [13 <../figures-working/fig10.png>]
<../figures-working/fig11.png, id=80, 577.503pt x 747.447pt>
File: ../figures-working/fig11.png Graphic file (type png)

<use ../figures-working/fig11.png>
Package pdftex.def Info: ../figures-working/fig11.png used on input line 300.
(pdftex.def)             Requested size: 312.9803pt x 405.07523pt.
 [14] [15 <../figures-working/fig11.png>]
(./manuscript.bbl
Underfull \hbox (badness 1496) in paragraph at lines 9--13
[]\OT1/cmr/m/n/10 Androvandi, S., Davaille, A., Li-mare, A., Fouc-
 []


Underfull \hbox (badness 4353) in paragraph at lines 9--13
\OT1/cmr/m/n/10 quier, A., Marais, C., 2011. At east three
 []


Underfull \hbox (badness 1264) in paragraph at lines 9--13
\OT1/cmr/m/n/10 scales of con-vec-tion in a man-tle with strongly
 []


Underfull \hbox (badness 1024) in paragraph at lines 9--13
\OT1/cmr/m/n/10 tem-per-a-ture de-pen-dent vis-cos-ity. Physics of the
 []


Underfull \hbox (badness 1122) in paragraph at lines 23--26
[]\OT1/cmr/m/n/10 Ballmer, M. D., Ito, G., Wolf, C. J., Solomon,
 []

[16]
Underfull \hbox (badness 2856) in paragraph at lines 70--75
\OT1/cmr/m/n/10 A com-mon deep source for upper-mantle up-
 []


Underfull \hbox (badness 1917) in paragraph at lines 90--93
\OT1/cmr/m/n/10 mi-cally slow lower-mantle struc-tures. Geo-phys-i-
 []


Underfull \hbox (badness 2452) in paragraph at lines 90--93
\OT1/cmr/m/n/10 cal Jour-nal In-ter-na-tional 207, 1122--1136, doi:
 []


Underfull \hbox (badness 1354) in paragraph at lines 139--142
[]\OT1/cmr/m/n/10 Goes, S., Spak-man, W., Bi-jwaard, H., 1999. A
 []


Underfull \hbox (badness 1320) in paragraph at lines 139--142
\OT1/cmr/m/n/10 ism. Sci-ence 286, 1928--1931, doi: 10.1126/sci-
 []


Underfull \hbox (badness 1968) in paragraph at lines 144--147
\OT1/cmr/m/n/10 phys-i-cal Re-search 107 (B3), 11159--11169, doi:
 []


Underfull \hbox (badness 1264) in paragraph at lines 179--182
[]\OT1/cmr/m/n/10 Korenaga, J., Karato, S. I., 2008. A new anal-
 []


Underfull \hbox (badness 2409) in paragraph at lines 179--182
\OT1/cmr/m/n/10 y-sis of ex-per-i-men-tal data on olivine rhe-ol-ogy.
 []


Underfull \hbox (badness 1454) in paragraph at lines 179--182
\OT1/cmr/m/n/10 Jour-nal of Geo-phys-i-cal Re-search 113 (B02403),
 []

[17]
Missing character: There is no â in font cmr10!
Missing character: There is no € in font cmr10!
Missing character: There is no “ in font cmr10!

Underfull \hbox (badness 1275) in paragraph at lines 234--238
\OT1/cmr/m/n/10 on man-tle dy-nam-ics in the North At-lantic re-
 []


Underfull \hbox (badness 1077) in paragraph at lines 234--238
\OT1/cmr/m/n/10 and Plan-e-tary Sci-ence Let-ters 367, 39--51, doi:
 []


Underfull \hbox (badness 3492) in paragraph at lines 253--256
[]\OT1/cmr/m/n/10 Schmelling, H., 1987. On the re-la-tion be-tween
 []


Underfull \hbox (badness 2443) in paragraph at lines 253--256
\OT1/cmr/m/n/10 ini-tial con-di-tions and late stages of Rayleigh-
 []


Underfull \hbox (badness 3884) in paragraph at lines 259--263
\OT1/cmr/m/n/10 layer het-ero-gene-ity. Geo-physcial Jour-nal In-ter-
 []


Underfull \hbox (badness 2913) in paragraph at lines 259--263
\OT1/cmr/m/n/10 na-tional 184, 1371--1378, doi: 10.1111/j.1365-
 []


Underfull \hbox (badness 1590) in paragraph at lines 307--309
[]\OT1/cmr/m/n/10 Wesse, P., Smith, H. F., 1995. New ver-sion of
 []


Underfull \hbox (badness 1077) in paragraph at lines 317--320
\OT1/cmr/m/n/10 and Plan-e-tary Sci-ence Let-ters 275, 70--79, doi:
 []

[18]
Underfull \hbox (badness 1442) in paragraph at lines 329--332
\OT1/cmr/m/n/10 dimensional iso-vis-cous ther-mal con-vec-tion. Geo-
 []

) [19

] (./manuscript.aux) ) 
Here is how much of TeX's memory you used:
 4772 strings out of 494185
 71391 string characters out of 6159749
 161982 words of memory out of 5000000
 8087 multiletter control sequences out of 15000+600000
 9786 words of font info for 34 fonts, out of 8000000 for 9000
 416 hyphenation exceptions out of 8191
 38i,10n,38p,1972b,390s stack positions out of 5000i,500n,10000p,200000b,80000s
</usr/share/texlive/texmf-dist/fonts/type1/public/amsfont
s/cm/cmex10.pfb></usr/share/texlive/texmf-dist/fonts/type1/public/amsfonts/cm/c
mmi10.pfb></usr/share/texlive/texmf-dist/fonts/type1/public/amsfonts/cm/cmmi5.p
fb></usr/share/texlive/texmf-dist/fonts/type1/public/amsfonts/cm/cmmi7.pfb></us
r/share/texlive/texmf-dist/fonts/type1/public/amsfonts/cm/cmmi9.pfb></usr/share
/texlive/texmf-dist/fonts/type1/public/amsfonts/cm/cmr10.pfb></usr/share/texliv
e/texmf-dist/fonts/type1/public/amsfonts/cm/cmr12.pfb></usr/share/texlive/texmf
-dist/fonts/type1/public/amsfonts/cm/cmr5.pfb></usr/share/texlive/texmf-dist/fo
nts/type1/public/amsfonts/cm/cmr6.pfb></usr/share/texlive/texmf-dist/fonts/type
1/public/amsfonts/cm/cmr7.pfb></usr/share/texlive/texmf-dist/fonts/type1/public
/amsfonts/cm/cmr9.pfb></usr/share/texlive/texmf-dist/fonts/type1/public/amsfont
s/cm/cmss9.pfb></usr/share/texlive/texmf-dist/fonts/type1/public/amsfonts/cm/cm
ssbx10.pfb></usr/share/texlive/texmf-dist/fonts/type1/public/amsfonts/cm/cmsy10
.pfb></usr/share/texlive/texmf-dist/fonts/type1/public/amsfonts/cm/cmsy5.pfb></
usr/share/texlive/texmf-dist/fonts/type1/public/amsfonts/cm/cmsy6.pfb></usr/sha
re/texlive/texmf-dist/fonts/type1/public/amsfonts/cm/cmsy7.pfb></usr/share/texl
ive/texmf-dist/fonts/type1/public/amsfonts/cm/cmsy9.pfb></usr/share/texlive/tex
mf-dist/fonts/type1/public/amsfonts/cm/cmti10.pfb>
Output written on manuscript.pdf (19 pages, 21221421 bytes).
PDF statistics:
 162 PDF objects out of 1000 (max. 8388607)
 102 compressed objects within 2 object streams
 0 named destinations out of 1000 (max. 500000)
 51 words of extra memory for PDF output out of 10000 (max. 10000000)

